<?xml version="1.0" encoding="UTF-8"?>
<!-- Generated by org.testng.reporters.JUnitReportReporter -->
<testsuite hostname="LAPTOP-G457OLQ6" failures="0" tests="2" name="testclasses.LoginInSalesforceWithExcelTest" time="21.436" errors="0" timestamp="2025-06-07T20:51:44 IST" skipped="0">
  <testcase classname="testclasses.LoginInSalesforceWithExcelTest" name="loginWithExcelData" time="6.070"/>
  <testcase classname="testclasses.LoginInSalesforceWithExcelTest" name="loginWithExcelData" time="15.366"/>
</testsuite> <!-- testclasses.LoginInSalesforceWithExcelTest -->
