<?xml version="1.0" encoding="UTF-8"?>
<!-- Generated by org.testng.reporters.JUnitReportReporter -->
<testsuite hostname="LAPTOP-G457OLQ6" failures="0" tests="1" name="testclasses.Registration" time="7.690" errors="0" timestamp="2025-05-10T12:35:48 IST" skipped="0">
  <testcase classname="testclasses.Registration" name="loginPage" time="7.690"/>
</testsuite> <!-- testclasses.Registration -->
