<?xml version="1.0" encoding="UTF-8"?>
<!-- Generated by org.testng.reporters.JUnitReportReporter -->
<testsuite hostname="LAPTOP-G457OLQ6" failures="0" tests="1" name="testclasses.LoginTest" time="6.022" errors="0" timestamp="2025-05-11T21:10:50 IST" skipped="0">
  <testcase classname="testclasses.LoginTest" name="login" time="6.022"/>
</testsuite> <!-- testclasses.LoginTest -->
