<?xml version="1.0" encoding="UTF-8"?>
<!-- Generated by org.testng.reporters.JUnitReportReporter -->
<testsuite hostname="LAPTOP-G457OLQ6" failures="0" tests="5" name="testclasses.RegistrationTestWithExcel" time="34.335" errors="0" timestamp="2025-06-07T21:33:16 IST" skipped="0">
  <testcase classname="testclasses.RegistrationTestWithExcel" name="registrationWithExcel" time="7.847"/>
  <testcase classname="testclasses.RegistrationTestWithExcel" name="registrationWithExcel" time="6.135"/>
  <testcase classname="testclasses.RegistrationTestWithExcel" name="registrationWithExcel" time="6.707"/>
  <testcase classname="testclasses.RegistrationTestWithExcel" name="registrationWithExcel" time="6.675"/>
  <testcase classname="testclasses.RegistrationTestWithExcel" name="registrationWithExcel" time="6.971"/>
</testsuite> <!-- testclasses.RegistrationTestWithExcel -->
