<?xml version="1.0" encoding="UTF-8"?>
<!-- Generated by org.testng.reporters.JUnitReportReporter -->
<testsuite hostname="LAPTOP-G457OLQ6" failures="0" tests="1" name="testclasses.LoginTest" time="7.214" errors="0" timestamp="2025-06-07T20:54:35 IST" skipped="0">
  <testcase classname="testclasses.LoginTest" name="login" time="7.214"/>
</testsuite> <!-- testclasses.LoginTest -->
