<?xml version="1.0" encoding="UTF-8"?>
<!-- Generated by org.testng.reporters.JUnitReportReporter -->
<testsuite hostname="LAPTOP-G457OLQ6" failures="0" tests="1" name="testclasses.TestAddtoCartOption" time="10.522" errors="0" timestamp="2025-06-08T13:25:31 IST" skipped="0">
  <testcase classname="testclasses.TestAddtoCartOption" name="addToCart" time="10.522"/>
</testsuite> <!-- testclasses.TestAddtoCartOption -->
