<?xml version="1.0" encoding="UTF-8"?>
<!-- Generated by org.testng.reporters.JUnitReportReporter -->
<testsuite hostname="LAPTOP-G457OLQ6" failures="0" tests="1" name="testclasses.Registration" time="5.983" errors="0" timestamp="2025-05-10T13:32:04 IST" skipped="0">
  <testcase classname="testclasses.Registration" name="loginPage" time="5.983"/>
</testsuite> <!-- testclasses.Registration -->
